# JRE version: Java(TM) SE Runtime Environment (8.0_112-b15) (build 1.8.0_112-b15)
# Java VM: Java HotSpot(TM) 64-Bit Server VM (25.112-b15 mixed mode windows-amd64 compressed oops)
Heap:
 PSYoungGen      total 257024K, used 87563K [0x00000000eb300000, 0x0000000100000000, 0x0000000100000000)
  eden space 171008K, 31% used [0x00000000eb300000,0x00000000ee7ef208,0x00000000f5a00000)
  from space 86016K, 38% used [0x00000000fac00000,0x00000000fcc93ce0,0x0000000100000000)
  to   space 83968K, 0% used [0x00000000f5a00000,0x00000000f5a00000,0x00000000fac00000)
 ParOldGen       total 145408K, used 108513K [0x00000000c1800000, 0x00000000ca600000, 0x00000000eb300000)
  object space 145408K, 74% used [0x00000000c1800000,0x00000000c81f8430,0x00000000ca600000)
 Metaspace       used 173889K, capacity 175918K, committed 176192K, reserved 1202176K
  class space    used 22771K, capacity 23340K, committed 23360K, reserved 1048576K
GC Heap History (10 events):
Event: 2383.029 GC heap before
{Heap before GC invocations=45 (full 4):
 PSYoungGen      total 254464K, used 242122K [0x00000000eb300000, 0x0000000100000000, 0x0000000100000000)
  eden space 177152K, 100% used [0x00000000eb300000,0x00000000f6000000,0x00000000f6000000)
  from space 77312K, 84% used [0x00000000fb480000,0x00000000ff3f29f0,0x0000000100000000)
  to   space 81920K, 0% used [0x00000000f6000000,0x00000000f6000000,0x00000000fb000000)
 ParOldGen       total 145408K, used 62233K [0x00000000c1800000, 0x00000000ca600000, 0x00000000eb300000)
  object space 145408K, 42% used [0x00000000c1800000,0x00000000c54c6650,0x00000000ca600000)
 Metaspace       used 158986K, capacity 160906K, committed 161152K, reserved 1189888K
  class space    used 20803K, capacity 21335K, committed 21376K, reserved 1048576K
Event: 2383.073 GC heap after
Heap after GC invocations=45 (full 4):
 PSYoungGen      total 236032K, used 58719K [0x00000000eb300000, 0x0000000100000000, 0x0000000100000000)
  eden space 177152K, 0% used [0x00000000eb300000,0x00000000eb300000,0x00000000f6000000)
  from space 58880K, 99% used [0x00000000f6000000,0x00000000f9957e58,0x00000000f9980000)
  to   space 82944K, 0% used [0x00000000faf00000,0x00000000faf00000,0x0000000100000000)
 ParOldGen       total 145408K, used 62241K [0x00000000c1800000, 0x00000000ca600000, 0x00000000eb300000)
  object space 145408K, 42% used [0x00000000c1800000,0x00000000c54c8650,0x00000000ca600000)
 Metaspace       used 158986K, capacity 160906K, committed 161152K, reserved 1189888K
  class space    used 20803K, capacity 21335K, committed 21376K, reserved 1048576K
}
Event: 2384.547 GC heap before
{Heap before GC invocations=46 (full 4):
 PSYoungGen      total 236032K, used 217682K [0x00000000eb300000, 0x0000000100000000, 0x0000000100000000)
  eden space 177152K, 89% used [0x00000000eb300000,0x00000000f4e3cb00,0x00000000f6000000)
  from space 58880K, 99% used [0x00000000f6000000,0x00000000f9957e58,0x00000000f9980000)
  to   space 82944K, 0% used [0x00000000faf00000,0x00000000faf00000,0x0000000100000000)
 ParOldGen       total 145408K, used 62241K [0x00000000c1800000, 0x00000000ca600000, 0x00000000eb300000)
  object space 145408K, 42% used [0x00000000c1800000,0x00000000c54c8650,0x00000000ca600000)
 Metaspace       used 162239K, capacity 164152K, committed 164160K, reserved 1191936K
  class space    used 21258K, capacity 21820K, committed 21824K, reserved 1048576K
Event: 2384.591 GC heap after
Heap after GC invocations=46 (full 4):
 PSYoungGen      total 253952K, used 61814K [0x00000000eb300000, 0x0000000100000000, 0x0000000100000000)
  eden space 171008K, 0% used [0x00000000eb300000,0x00000000eb300000,0x00000000f5a00000)
  from space 82944K, 74% used [0x00000000faf00000,0x00000000feb5db78,0x0000000100000000)
  to   space 84992K, 0% used [0x00000000f5a00000,0x00000000f5a00000,0x00000000fad00000)
 ParOldGen       total 145408K, used 65031K [0x00000000c1800000, 0x00000000ca600000, 0x00000000eb300000)
  object space 145408K, 44% used [0x00000000c1800000,0x00000000c5781ec8,0x00000000ca600000)
 Metaspace       used 162239K, capacity 164152K, committed 164160K, reserved 1191936K
  class space    used 21258K, capacity 21820K, committed 21824K, reserved 1048576K
}
Event: 2384.591 GC heap before
{Heap before GC invocations=47 (full 5):
 PSYoungGen      total 253952K, used 61814K [0x00000000eb300000, 0x0000000100000000, 0x0000000100000000)
  eden space 171008K, 0% used [0x00000000eb300000,0x00000000eb300000,0x00000000f5a00000)
  from space 82944K, 74% used [0x00000000faf00000,0x00000000feb5db78,0x0000000100000000)
  to   space 84992K, 0% used [0x00000000f5a00000,0x00000000f5a00000,0x00000000fad00000)
 ParOldGen       total 145408K, used 65031K [0x00000000c1800000, 0x00000000ca600000, 0x00000000eb300000)
  object space 145408K, 44% used [0x00000000c1800000,0x00000000c5781ec8,0x00000000ca600000)
 Metaspace       used 162239K, capacity 164152K, committed 164160K, reserved 1191936K
  class space    used 21258K, capacity 21820K, committed 21824K, reserved 1048576K
Event: 2384.900 GC heap after
Heap after GC invocations=47 (full 5):
 PSYoungGen      total 253952K, used 0K [0x00000000eb300000, 0x0000000100000000, 0x0000000100000000)
  eden space 171008K, 0% used [0x00000000eb300000,0x00000000eb300000,0x00000000f5a00000)
  from space 82944K, 0% used [0x00000000faf00000,0x00000000faf00000,0x0000000100000000)
  to   space 84992K, 0% used [0x00000000f5a00000,0x00000000f5a00000,0x00000000fad00000)
 ParOldGen       total 145408K, used 108505K [0x00000000c1800000, 0x00000000ca600000, 0x00000000eb300000)
  object space 145408K, 74% used [0x00000000c1800000,0x00000000c81f6430,0x00000000ca600000)
 Metaspace       used 162224K, capacity 164128K, committed 164160K, reserved 1191936K
  class space    used 21255K, capacity 21816K, committed 21824K, reserved 1048576K
}
Event: 2534.078 GC heap before
{Heap before GC invocations=48 (full 5):
 PSYoungGen      total 253952K, used 171008K [0x00000000eb300000, 0x0000000100000000, 0x0000000100000000)
  eden space 171008K, 100% used [0x00000000eb300000,0x00000000f5a00000,0x00000000f5a00000)
  from space 82944K, 0% used [0x00000000faf00000,0x00000000faf00000,0x0000000100000000)
  to   space 84992K, 0% used [0x00000000f5a00000,0x00000000f5a00000,0x00000000fad00000)
 ParOldGen       total 145408K, used 108505K [0x00000000c1800000, 0x00000000ca600000, 0x00000000eb300000)
  object space 145408K, 74% used [0x00000000c1800000,0x00000000c81f6430,0x00000000ca600000)
 Metaspace       used 168658K, capacity 170658K, committed 170944K, reserved 1198080K
  class space    used 22040K, capacity 22594K, committed 22720K, reserved 1048576K
Event: 2534.093 GC heap after
Heap after GC invocations=48 (full 5):
 PSYoungGen      total 192512K, used 21232K [0x00000000eb300000, 0x0000000100000000, 0x0000000100000000)
  eden space 171008K, 0% used [0x00000000eb300000,0x00000000eb300000,0x00000000f5a00000)
  from space 21504K, 98% used [0x00000000f5a00000,0x00000000f6ebc150,0x00000000f6f00000)
  to   space 86016K, 0% used [0x00000000fac00000,0x00000000fac00000,0x0000000100000000)
 ParOldGen       total 145408K, used 108513K [0x00000000c1800000, 0x00000000ca600000, 0x00000000eb300000)
  object space 145408K, 74% used [0x00000000c1800000,0x00000000c81f8430,0x00000000ca600000)
 Metaspace       used 168658K, capacity 170658K, committed 170944K, reserved 1198080K
  class space    used 22040K, capacity 22594K, committed 22720K, reserved 1048576K
}
Event: 2535.557 GC heap before
{Heap before GC invocations=49 (full 5):
 PSYoungGen      total 192512K, used 192240K [0x00000000eb300000, 0x0000000100000000, 0x0000000100000000)
  eden space 171008K, 100% used [0x00000000eb300000,0x00000000f5a00000,0x00000000f5a00000)
  from space 21504K, 98% used [0x00000000f5a00000,0x00000000f6ebc150,0x00000000f6f00000)
  to   space 86016K, 0% used [0x00000000fac00000,0x00000000fac00000,0x0000000100000000)
 ParOldGen       total 145408K, used 108513K [0x00000000c1800000, 0x00000000ca600000, 0x00000000eb300000)
  object space 145408K, 74% used [0x00000000c1800000,0x00000000c81f8430,0x00000000ca600000)
 Metaspace       used 170086K, capacity 172122K, committed 172352K, reserved 1198080K
  class space    used 22247K, capacity 22825K, committed 22848K, reserved 1048576K
Event: 2535.594 GC heap after
Heap after GC invocations=49 (full 5):
 PSYoungGen      total 257024K, used 33359K [0x00000000eb300000, 0x0000000100000000, 0x0000000100000000)
  eden space 171008K, 0% used [0x00000000eb300000,0x00000000eb300000,0x00000000f5a00000)
  from space 86016K, 38% used [0x00000000fac00000,0x00000000fcc93ce0,0x0000000100000000)
  to   space 83968K, 0% used [0x00000000f5a00000,0x00000000f5a00000,0x00000000fac00000)
 ParOldGen       total 145408K, used 108513K [0x00000000c1800000, 0x00000000ca600000, 0x00000000eb300000)
  object space 145408K, 74% used [0x00000000c1800000,0x00000000c81f8430,0x00000000ca600000)
 Metaspace       used 170086K, capacity 172122K, committed 172352K, reserved 1198080K
  class space    used 22247K, capacity 22825K, committed 22848K, reserved 1048576K
}

