# JRE version: Java(TM) SE Runtime Environment (8.0_112-b15) (build 1.8.0_112-b15)
# Java VM: Java HotSpot(TM) 64-Bit Server VM (25.112-b15 mixed mode windows-amd64 compressed oops)
Heap:
 PSYoungGen      total 90112K, used 13049K [0x00000000eb300000, 0x00000000f1980000, 0x0000000100000000)
  eden space 78336K, 5% used [0x00000000eb300000,0x00000000eb752e18,0x00000000eff80000)
  from space 11776K, 73% used [0x00000000f0e00000,0x00000000f166b680,0x00000000f1980000)
  to   space 13312K, 0% used [0x00000000eff80000,0x00000000eff80000,0x00000000f0c80000)
 ParOldGen       total 48128K, used 30680K [0x00000000c1800000, 0x00000000c4700000, 0x00000000eb300000)
  object space 48128K, 63% used [0x00000000c1800000,0x00000000c35f6068,0x00000000c4700000)
 Metaspace       used 26961K, capacity 27668K, committed 27776K, reserved 1073152K
  class space    used 3182K, capacity 3409K, committed 3456K, reserved 1048576K
GC Heap History (10 events):
Event: 4.834 GC heap before
{Heap before GC invocations=9 (full 1):
 PSYoungGen      total 39936K, used 31744K [0x00000000eb300000, 0x00000000f0100000, 0x0000000100000000)
  eden space 31744K, 100% used [0x00000000eb300000,0x00000000ed200000,0x00000000ed200000)
  from space 8192K, 0% used [0x00000000ed200000,0x00000000ed200000,0x00000000eda00000)
  to   space 8192K, 0% used [0x00000000ef900000,0x00000000ef900000,0x00000000f0100000)
 ParOldGen       total 48128K, used 20128K [0x00000000c1800000, 0x00000000c4700000, 0x00000000eb300000)
  object space 48128K, 41% used [0x00000000c1800000,0x00000000c2ba8290,0x00000000c4700000)
 Metaspace       used 22303K, capacity 22970K, committed 23088K, reserved 1069056K
  class space    used 2634K, capacity 2863K, committed 2944K, reserved 1048576K
Event: 4.843 GC heap after
Heap after GC invocations=9 (full 1):
 PSYoungGen      total 55808K, used 6226K [0x00000000eb300000, 0x00000000eff80000, 0x0000000100000000)
  eden space 49152K, 0% used [0x00000000eb300000,0x00000000eb300000,0x00000000ee300000)
  from space 6656K, 93% used [0x00000000ef900000,0x00000000eff14948,0x00000000eff80000)
  to   space 8192K, 0% used [0x00000000eef80000,0x00000000eef80000,0x00000000ef780000)
 ParOldGen       total 48128K, used 20136K [0x00000000c1800000, 0x00000000c4700000, 0x00000000eb300000)
  object space 48128K, 41% used [0x00000000c1800000,0x00000000c2baa290,0x00000000c4700000)
 Metaspace       used 22303K, capacity 22970K, committed 23088K, reserved 1069056K
  class space    used 2634K, capacity 2863K, committed 2944K, reserved 1048576K
}
Event: 5.234 GC heap before
{Heap before GC invocations=10 (full 1):
 PSYoungGen      total 55808K, used 55378K [0x00000000eb300000, 0x00000000eff80000, 0x0000000100000000)
  eden space 49152K, 100% used [0x00000000eb300000,0x00000000ee300000,0x00000000ee300000)
  from space 6656K, 93% used [0x00000000ef900000,0x00000000eff14948,0x00000000eff80000)
  to   space 8192K, 0% used [0x00000000eef80000,0x00000000eef80000,0x00000000ef780000)
 ParOldGen       total 48128K, used 20136K [0x00000000c1800000, 0x00000000c4700000, 0x00000000eb300000)
  object space 48128K, 41% used [0x00000000c1800000,0x00000000c2baa290,0x00000000c4700000)
 Metaspace       used 22417K, capacity 23098K, committed 23344K, reserved 1069056K
  class space    used 2635K, capacity 2863K, committed 2944K, reserved 1048576K
Event: 5.248 GC heap after
Heap after GC invocations=10 (full 1):
 PSYoungGen      total 70144K, used 8175K [0x00000000eb300000, 0x00000000f0600000, 0x0000000100000000)
  eden space 61952K, 0% used [0x00000000eb300000,0x00000000eb300000,0x00000000eef80000)
  from space 8192K, 99% used [0x00000000eef80000,0x00000000ef77be70,0x00000000ef780000)
  to   space 10240K, 0% used [0x00000000efc00000,0x00000000efc00000,0x00000000f0600000)
 ParOldGen       total 48128K, used 24065K [0x00000000c1800000, 0x00000000c4700000, 0x00000000eb300000)
  object space 48128K, 50% used [0x00000000c1800000,0x00000000c2f80478,0x00000000c4700000)
 Metaspace       used 22417K, capacity 23098K, committed 23344K, reserved 1069056K
  class space    used 2635K, capacity 2863K, committed 2944K, reserved 1048576K
}
Event: 5.610 GC heap before
{Heap before GC invocations=11 (full 1):
 PSYoungGen      total 70144K, used 70127K [0x00000000eb300000, 0x00000000f0600000, 0x0000000100000000)
  eden space 61952K, 100% used [0x00000000eb300000,0x00000000eef80000,0x00000000eef80000)
  from space 8192K, 99% used [0x00000000eef80000,0x00000000ef77be70,0x00000000ef780000)
  to   space 10240K, 0% used [0x00000000efc00000,0x00000000efc00000,0x00000000f0600000)
 ParOldGen       total 48128K, used 24065K [0x00000000c1800000, 0x00000000c4700000, 0x00000000eb300000)
  object space 48128K, 50% used [0x00000000c1800000,0x00000000c2f80478,0x00000000c4700000)
 Metaspace       used 22431K, capacity 23102K, committed 23344K, reserved 1069056K
  class space    used 2636K, capacity 2863K, committed 2944K, reserved 1048576K
Event: 5.628 GC heap after
Heap after GC invocations=11 (full 1):
 PSYoungGen      total 71680K, used 10229K [0x00000000eb300000, 0x00000000f1c80000, 0x0000000100000000)
  eden space 61440K, 0% used [0x00000000eb300000,0x00000000eb300000,0x00000000eef00000)
  from space 10240K, 99% used [0x00000000efc00000,0x00000000f05fd470,0x00000000f0600000)
  to   space 13312K, 0% used [0x00000000eef00000,0x00000000eef00000,0x00000000efc00000)
 ParOldGen       total 48128K, used 28994K [0x00000000c1800000, 0x00000000c4700000, 0x00000000eb300000)
  object space 48128K, 60% used [0x00000000c1800000,0x00000000c3450928,0x00000000c4700000)
 Metaspace       used 22431K, capacity 23102K, committed 23344K, reserved 1069056K
  class space    used 2636K, capacity 2863K, committed 2944K, reserved 1048576K
}
Event: 6.084 GC heap before
{Heap before GC invocations=12 (full 1):
 PSYoungGen      total 71680K, used 71669K [0x00000000eb300000, 0x00000000f1c80000, 0x0000000100000000)
  eden space 61440K, 100% used [0x00000000eb300000,0x00000000eef00000,0x00000000eef00000)
  from space 10240K, 99% used [0x00000000efc00000,0x00000000f05fd470,0x00000000f0600000)
  to   space 13312K, 0% used [0x00000000eef00000,0x00000000eef00000,0x00000000efc00000)
 ParOldGen       total 48128K, used 28994K [0x00000000c1800000, 0x00000000c4700000, 0x00000000eb300000)
  object space 48128K, 60% used [0x00000000c1800000,0x00000000c3450928,0x00000000c4700000)
 Metaspace       used 22436K, capacity 23102K, committed 23344K, reserved 1069056K
  class space    used 2636K, capacity 2863K, committed 2944K, reserved 1048576K
Event: 6.100 GC heap after
Heap after GC invocations=12 (full 1):
 PSYoungGen      total 74752K, used 9781K [0x00000000eb300000, 0x00000000f1b00000, 0x0000000100000000)
  eden space 61440K, 0% used [0x00000000eb300000,0x00000000eb300000,0x00000000eef00000)
  from space 13312K, 73% used [0x00000000eef00000,0x00000000ef88d7f8,0x00000000efc00000)
  to   space 13312K, 0% used [0x00000000f0e00000,0x00000000f0e00000,0x00000000f1b00000)
 ParOldGen       total 48128K, used 30465K [0x00000000c1800000, 0x00000000c4700000, 0x00000000eb300000)
  object space 48128K, 63% used [0x00000000c1800000,0x00000000c35c0798,0x00000000c4700000)
 Metaspace       used 22436K, capacity 23102K, committed 23344K, reserved 1069056K
  class space    used 2636K, capacity 2863K, committed 2944K, reserved 1048576K
}
Event: 7.196 GC heap before
{Heap before GC invocations=13 (full 1):
 PSYoungGen      total 74752K, used 71221K [0x00000000eb300000, 0x00000000f1b00000, 0x0000000100000000)
  eden space 61440K, 100% used [0x00000000eb300000,0x00000000eef00000,0x00000000eef00000)
  from space 13312K, 73% used [0x00000000eef00000,0x00000000ef88d7f8,0x00000000efc00000)
  to   space 13312K, 0% used [0x00000000f0e00000,0x00000000f0e00000,0x00000000f1b00000)
 ParOldGen       total 48128K, used 30465K [0x00000000c1800000, 0x00000000c4700000, 0x00000000eb300000)
  object space 48128K, 63% used [0x00000000c1800000,0x00000000c35c0798,0x00000000c4700000)
 Metaspace       used 24713K, capacity 25400K, committed 25472K, reserved 1071104K
  class space    used 2930K, capacity 3143K, committed 3200K, reserved 1048576K
Event: 7.207 GC heap after
Heap after GC invocations=13 (full 1):
 PSYoungGen      total 90112K, used 8621K [0x00000000eb300000, 0x00000000f1980000, 0x0000000100000000)
  eden space 78336K, 0% used [0x00000000eb300000,0x00000000eb300000,0x00000000eff80000)
  from space 11776K, 73% used [0x00000000f0e00000,0x00000000f166b680,0x00000000f1980000)
  to   space 13312K, 0% used [0x00000000eff80000,0x00000000eff80000,0x00000000f0c80000)
 ParOldGen       total 48128K, used 30680K [0x00000000c1800000, 0x00000000c4700000, 0x00000000eb300000)
  object space 48128K, 63% used [0x00000000c1800000,0x00000000c35f6068,0x00000000c4700000)
 Metaspace       used 24713K, capacity 25400K, committed 25472K, reserved 1071104K
  class space    used 2930K, capacity 3143K, committed 3200K, reserved 1048576K
}

